
[dotenv@17.2.3] injecting env (6) from .env -- tip: 👥 sync secrets across teammates & machines: https://dotenvx.com/ops
Database pool created
[dotenv@17.2.3] injecting env (0) from .env -- tip: ⚙️  specify custom .env file path with { path: '/custom/path/.env' }
Serving static files from: D:\gooddown\backend\public
Server running on http://0.0.0.0:4000
[dotenv@17.2.3] injecting env (6) from .env -- tip: ⚙️  suppress all logs with { quiet: true }
Database pool created
[dotenv@17.2.3] injecting env (0) from .env -- tip: 👥 sync secrets across teammates & machines: https://dotenvx.com/ops
Serving static files from: D:\gooddown\backend\public
Server running on http://0.0.0.0:4000
error: relation "owner_passes" does not exist
    at D:\gooddown\backend\node_modules\pg-pool\index.js:45:11
    at process.processTicksAndRejections (node:internal/process/task_queues:103:5)
    at async file:///D:/gooddown/backend/routes/reports.js:28:20 {
  length: 112,
  severity: 'ERROR',
  code: '42P01',
  detail: undefined,
  hint: undefined,
  position: '432',
  internalPosition: undefined,
  internalQuery: undefined,
  where: undefined,
  schema: undefined,
  table: undefined,
  column: undefined,
  dataType: undefined,
  constraint: undefined,
  file: 'parse_relation.c',
  line: '1469',
  routine: 'parserOpenTable'
}
error: relation "owner_passes" does not exist
    at D:\gooddown\backend\node_modules\pg-pool\index.js:45:11
    at process.processTicksAndRejections (node:internal/process/task_queues:103:5)
    at async file:///D:/gooddown/backend/routes/weekly-reports.js:21:22 {
  length: 112,
  severity: 'ERROR',
  code: '42P01',
  detail: undefined,
  hint: undefined,
  position: '881',
  internalPosition: undefined,
  internalQuery: undefined,
  where: undefined,
  schema: undefined,
  table: undefined,
  column: undefined,
  dataType: undefined,
  constraint: undefined,
  file: 'parse_relation.c',
  line: '1469',
  routine: 'parserOpenTable'
}
error: relation "owner_passes" does not exist
    at D:\gooddown\backend\node_modules\pg-pool\index.js:45:11
    at process.processTicksAndRejections (node:internal/process/task_queues:103:5)
    at async file:///D:/gooddown/backend/routes/reports.js:28:20 {
  length: 112,
  severity: 'ERROR',
  code: '42P01',
  detail: undefined,
  hint: undefined,
  position: '432',
  internalPosition: undefined,
  internalQuery: undefined,
  where: undefined,
  schema: undefined,
  table: undefined,
  column: undefined,
  dataType: undefined,
  constraint: undefined,
  file: 'parse_relation.c',
  line: '1469',
  routine: 'parserOpenTable'
}
error: relation "owner_passes" does not exist
    at D:\gooddown\backend\node_modules\pg-pool\index.js:45:11
    at process.processTicksAndRejections (node:internal/process/task_queues:103:5)
    at async file:///D:/gooddown/backend/routes/reports.js:28:20 {
  length: 112,
  severity: 'ERROR',
  code: '42P01',
  detail: undefined,
  hint: undefined,
  position: '432',
  internalPosition: undefined,
  internalQuery: undefined,
  where: undefined,
  schema: undefined,
  table: undefined,
  column: undefined,
  dataType: undefined,
  constraint: undefined,
  file: 'parse_relation.c',
  line: '1469',
  routine: 'parserOpenTable'
}
error: relation "owner_passes" does not exist
    at D:\gooddown\backend\node_modules\pg-pool\index.js:45:11
    at process.processTicksAndRejections (node:internal/process/task_queues:103:5)
    at async file:///D:/gooddown/backend/routes/weekly-reports.js:21:22 {
  length: 112,
  severity: 'ERROR',
  code: '42P01',
  detail: undefined,
  hint: undefined,
  position: '881',
  internalPosition: undefined,
  internalQuery: undefined,
  where: undefined,
  schema: undefined,
  table: undefined,
  column: undefined,
  dataType: undefined,
  constraint: undefined,
  file: 'parse_relation.c',
  line: '1469',
  routine: 'parserOpenTable'
}
error: relation "owner_passes" does not exist
    at D:\gooddown\backend\node_modules\pg-pool\index.js:45:11
    at process.processTicksAndRejections (node:internal/process/task_queues:103:5)
    at async file:///D:/gooddown/backend/routes/reports.js:28:20 {
  length: 112,
  severity: 'ERROR',
  code: '42P01',
  detail: undefined,
  hint: undefined,
  position: '432',
  internalPosition: undefined,
  internalQuery: undefined,
  where: undefined,
  schema: undefined,
  table: undefined,
  column: undefined,
  dataType: undefined,
  constraint: undefined,
  file: 'parse_relation.c',
  line: '1469',
  routine: 'parserOpenTable'
}
error: relation "owner_passes" does not exist
    at D:\gooddown\backend\node_modules\pg-pool\index.js:45:11
    at process.processTicksAndRejections (node:internal/process/task_queues:103:5)
    at async file:///D:/gooddown/backend/routes/ledger.js:16:20 {
  length: 113,
  severity: 'ERROR',
  code: '42P01',
  detail: undefined,
  hint: undefined,
  position: '1026',
  internalPosition: undefined,
  internalQuery: undefined,
  where: undefined,
  schema: undefined,
  table: undefined,
  column: undefined,
  dataType: undefined,
  constraint: undefined,
  file: 'parse_relation.c',
  line: '1469',
  routine: 'parserOpenTable'
}
error: relation "owner_passes" does not exist
    at D:\gooddown\backend\node_modules\pg-pool\index.js:45:11
    at process.processTicksAndRejections (node:internal/process/task_queues:103:5)
    at async file:///D:/gooddown/backend/routes/reports.js:28:20 {
  length: 112,
  severity: 'ERROR',
  code: '42P01',
  detail: undefined,
  hint: undefined,
  position: '432',
  internalPosition: undefined,
  internalQuery: undefined,
  where: undefined,
  schema: undefined,
  table: undefined,
  column: undefined,
  dataType: undefined,
  constraint: undefined,
  file: 'parse_relation.c',
  line: '1469',
  routine: 'parserOpenTable'
}
error: relation "owner_passes" does not exist
    at D:\gooddown\backend\node_modules\pg-pool\index.js:45:11
    at process.processTicksAndRejections (node:internal/process/task_queues:103:5)
    at async file:///D:/gooddown/backend/routes/reports.js:28:20 {
  length: 112,
  severity: 'ERROR',
  code: '42P01',
  detail: undefined,
  hint: undefined,
  position: '432',
  internalPosition: undefined,
  internalQuery: undefined,
  where: undefined,
  schema: undefined,
  table: undefined,
  column: undefined,
  dataType: undefined,
  constraint: undefined,
  file: 'parse_relation.c',
  line: '1469',
  routine: 'parserOpenTable'
}
error: relation "owner_passes" does not exist
    at D:\gooddown\backend\node_modules\pg-pool\index.js:45:11
    at process.processTicksAndRejections (node:internal/process/task_queues:103:5)
    at async file:///D:/gooddown/backend/routes/weekly-reports.js:21:22 {
  length: 112,
  severity: 'ERROR',
  code: '42P01',
  detail: undefined,
  hint: undefined,
  position: '881',
  internalPosition: undefined,
  internalQuery: undefined,
  where: undefined,
  schema: undefined,
  table: undefined,
  column: undefined,
  dataType: undefined,
  constraint: undefined,
  file: 'parse_relation.c',
  line: '1469',
  routine: 'parserOpenTable'
}
error: relation "owner_passes" does not exist
    at D:\gooddown\backend\node_modules\pg-pool\index.js:45:11
    at process.processTicksAndRejections (node:internal/process/task_queues:103:5)
    at async file:///D:/gooddown/backend/routes/weekly-reports.js:21:22 {
  length: 112,
  severity: 'ERROR',
  code: '42P01',
  detail: undefined,
  hint: undefined,
  position: '881',
  internalPosition: undefined,
  internalQuery: undefined,
  where: undefined,
  schema: undefined,
  table: undefined,
  column: undefined,
  dataType: undefined,
  constraint: undefined,
  file: 'parse_relation.c',
  line: '1469',
  routine: 'parserOpenTable'
}
error: relation "owner_passes" does not exist
    at D:\gooddown\backend\node_modules\pg-pool\index.js:45:11
    at process.processTicksAndRejections (node:internal/process/task_queues:103:5)
    at async file:///D:/gooddown/backend/routes/reports.js:28:20 {
  length: 112,
  severity: 'ERROR',
  code: '42P01',
  detail: undefined,
  hint: undefined,
  position: '432',
  internalPosition: undefined,
  internalQuery: undefined,
  where: undefined,
  schema: undefined,
  table: undefined,
  column: undefined,
  dataType: undefined,
  constraint: undefined,
  file: 'parse_relation.c',
  line: '1469',
  routine: 'parserOpenTable'
}
error: relation "owner_passes" does not exist
    at D:\gooddown\backend\node_modules\pg-pool\index.js:45:11
    at process.processTicksAndRejections (node:internal/process/task_queues:103:5)
    at async file:///D:/gooddown/backend/routes/weekly-reports.js:21:22 {
  length: 112,
  severity: 'ERROR',
  code: '42P01',
  detail: undefined,
  hint: undefined,
  position: '881',
  internalPosition: undefined,
  internalQuery: undefined,
  where: undefined,
  schema: undefined,
  table: undefined,
  column: undefined,
  dataType: undefined,
  constraint: undefined,
  file: 'parse_relation.c',
  line: '1469',
  routine: 'parserOpenTable'
}
error: relation "owner_passes" does not exist
    at D:\gooddown\backend\node_modules\pg-pool\index.js:45:11
    at process.processTicksAndRejections (node:internal/process/task_queues:103:5)
    at async file:///D:/gooddown/backend/routes/weekly-reports.js:21:22 {
  length: 112,
  severity: 'ERROR',
  code: '42P01',
  detail: undefined,
  hint: undefined,
  position: '881',
  internalPosition: undefined,
  internalQuery: undefined,
  where: undefined,
  schema: undefined,
  table: undefined,
  column: undefined,
  dataType: undefined,
  constraint: undefined,
  file: 'parse_relation.c',
  line: '1469',
  routine: 'parserOpenTable'
}
error: relation "owner_passes" does not exist
    at D:\gooddown\backend\node_modules\pg-pool\index.js:45:11
    at process.processTicksAndRejections (node:internal/process/task_queues:103:5)
    at async file:///D:/gooddown/backend/routes/weekly-reports.js:21:22 {
  length: 112,
  severity: 'ERROR',
  code: '42P01',
  detail: undefined,
  hint: undefined,
  position: '881',
  internalPosition: undefined,
  internalQuery: undefined,
  where: undefined,
  schema: undefined,
  table: undefined,
  column: undefined,
  dataType: undefined,
  constraint: undefined,
  file: 'parse_relation.c',
  line: '1469',
  routine: 'parserOpenTable'
}
error: relation "owner_passes" does not exist
    at D:\gooddown\backend\node_modules\pg-pool\index.js:45:11
    at process.processTicksAndRejections (node:internal/process/task_queues:103:5)
    at async file:///D:/gooddown/backend/routes/weekly-reports.js:21:22 {
  length: 112,
  severity: 'ERROR',
  code: '42P01',
  detail: undefined,
  hint: undefined,
  position: '881',
  internalPosition: undefined,
  internalQuery: undefined,
  where: undefined,
  schema: undefined,
  table: undefined,
  column: undefined,
  dataType: undefined,
  constraint: undefined,
  file: 'parse_relation.c',
  line: '1469',
  routine: 'parserOpenTable'
}
error: relation "owner_passes" does not exist
    at D:\gooddown\backend\node_modules\pg-pool\index.js:45:11
    at process.processTicksAndRejections (node:internal/process/task_queues:103:5)
    at async file:///D:/gooddown/backend/routes/weekly-reports.js:21:22 {
  length: 112,
  severity: 'ERROR',
  code: '42P01',
  detail: undefined,
  hint: undefined,
  position: '881',
  internalPosition: undefined,
  internalQuery: undefined,
  where: undefined,
  schema: undefined,
  table: undefined,
  column: undefined,
  dataType: undefined,
  constraint: undefined,
  file: 'parse_relation.c',
  line: '1469',
  routine: 'parserOpenTable'
}
error: relation "owner_passes" does not exist
    at D:\gooddown\backend\node_modules\pg-pool\index.js:45:11
    at process.processTicksAndRejections (node:internal/process/task_queues:103:5)
    at async file:///D:/gooddown/backend/routes/weekly-reports.js:21:22 {
  length: 112,
  severity: 'ERROR',
  code: '42P01',
  detail: undefined,
  hint: undefined,
  position: '881',
  internalPosition: undefined,
  internalQuery: undefined,
  where: undefined,
  schema: undefined,
  table: undefined,
  column: undefined,
  dataType: undefined,
  constraint: undefined,
  file: 'parse_relation.c',
  line: '1469',
  routine: 'parserOpenTable'
}
error: relation "owner_passes" does not exist
    at D:\gooddown\backend\node_modules\pg-pool\index.js:45:11
    at process.processTicksAndRejections (node:internal/process/task_queues:103:5)
    at async file:///D:/gooddown/backend/routes/weekly-reports.js:21:22 {
  length: 112,
  severity: 'ERROR',
  code: '42P01',
  detail: undefined,
  hint: undefined,
  position: '881',
  internalPosition: undefined,
  internalQuery: undefined,
  where: undefined,
  schema: undefined,
  table: undefined,
  column: undefined,
  dataType: undefined,
  constraint: undefined,
  file: 'parse_relation.c',
  line: '1469',
  routine: 'parserOpenTable'
}
error: relation "owner_passes" does not exist
    at D:\gooddown\backend\node_modules\pg-pool\index.js:45:11
    at process.processTicksAndRejections (node:internal/process/task_queues:103:5)
    at async file:///D:/gooddown/backend/routes/weekly-reports.js:21:22 {
  length: 112,
  severity: 'ERROR',
  code: '42P01',
  detail: undefined,
  hint: undefined,
  position: '881',
  internalPosition: undefined,
  internalQuery: undefined,
  where: undefined,
  schema: undefined,
  table: undefined,
  column: undefined,
  dataType: undefined,
  constraint: undefined,
  file: 'parse_relation.c',
  line: '1469',
  routine: 'parserOpenTable'
}
error: relation "owner_passes" does not exist
    at D:\gooddown\backend\node_modules\pg-pool\index.js:45:11
    at process.processTicksAndRejections (node:internal/process/task_queues:103:5)
    at async file:///D:/gooddown/backend/routes/weekly-reports.js:21:22 {
  length: 112,
  severity: 'ERROR',
  code: '42P01',
  detail: undefined,
  hint: undefined,
  position: '881',
  internalPosition: undefined,
  internalQuery: undefined,
  where: undefined,
  schema: undefined,
  table: undefined,
  column: undefined,
  dataType: undefined,
  constraint: undefined,
  file: 'parse_relation.c',
  line: '1469',
  routine: 'parserOpenTable'
}
error: relation "owner_passes" does not exist
    at D:\gooddown\backend\node_modules\pg-pool\index.js:45:11
    at process.processTicksAndRejections (node:internal/process/task_queues:103:5)
    at async file:///D:/gooddown/backend/routes/weekly-reports.js:21:22 {
  length: 112,
  severity: 'ERROR',
  code: '42P01',
  detail: undefined,
  hint: undefined,
  position: '881',
  internalPosition: undefined,
  internalQuery: undefined,
  where: undefined,
  schema: undefined,
  table: undefined,
  column: undefined,
  dataType: undefined,
  constraint: undefined,
  file: 'parse_relation.c',
  line: '1469',
  routine: 'parserOpenTable'
}
error: relation "owner_passes" does not exist
    at D:\gooddown\backend\node_modules\pg-pool\index.js:45:11
    at process.processTicksAndRejections (node:internal/process/task_queues:103:5)
    at async file:///D:/gooddown/backend/routes/weekly-reports.js:21:22 {
  length: 112,
  severity: 'ERROR',
  code: '42P01',
  detail: undefined,
  hint: undefined,
  position: '881',
  internalPosition: undefined,
  internalQuery: undefined,
  where: undefined,
  schema: undefined,
  table: undefined,
  column: undefined,
  dataType: undefined,
  constraint: undefined,
  file: 'parse_relation.c',
  line: '1469',
  routine: 'parserOpenTable'
}
error: relation "owner_passes" does not exist
    at D:\gooddown\backend\node_modules\pg-pool\index.js:45:11
    at process.processTicksAndRejections (node:internal/process/task_queues:103:5)
    at async file:///D:/gooddown/backend/routes/weekly-reports.js:21:22 {
  length: 112,
  severity: 'ERROR',
  code: '42P01',
  detail: undefined,
  hint: undefined,
  position: '881',
  internalPosition: undefined,
  internalQuery: undefined,
  where: undefined,
  schema: undefined,
  table: undefined,
  column: undefined,
  dataType: undefined,
  constraint: undefined,
  file: 'parse_relation.c',
  line: '1469',
  routine: 'parserOpenTable'
}
error: relation "owner_passes" does not exist
    at D:\gooddown\backend\node_modules\pg-pool\index.js:45:11
    at process.processTicksAndRejections (node:internal/process/task_queues:103:5)
    at async file:///D:/gooddown/backend/routes/weekly-reports.js:21:22 {
  length: 112,
  severity: 'ERROR',
  code: '42P01',
  detail: undefined,
  hint: undefined,
  position: '881',
  internalPosition: undefined,
  internalQuery: undefined,
  where: undefined,
  schema: undefined,
  table: undefined,
  column: undefined,
  dataType: undefined,
  constraint: undefined,
  file: 'parse_relation.c',
  line: '1469',
  routine: 'parserOpenTable'
}
error: relation "owner_passes" does not exist
    at D:\gooddown\backend\node_modules\pg-pool\index.js:45:11
    at process.processTicksAndRejections (node:internal/process/task_queues:103:5)
    at async file:///D:/gooddown/backend/routes/weekly-reports.js:21:22 {
  length: 112,
  severity: 'ERROR',
  code: '42P01',
  detail: undefined,
  hint: undefined,
  position: '881',
  internalPosition: undefined,
  internalQuery: undefined,
  where: undefined,
  schema: undefined,
  table: undefined,
  column: undefined,
  dataType: undefined,
  constraint: undefined,
  file: 'parse_relation.c',
  line: '1469',
  routine: 'parserOpenTable'
}
error: relation "owner_passes" does not exist
    at D:\gooddown\backend\node_modules\pg-pool\index.js:45:11
    at process.processTicksAndRejections (node:internal/process/task_queues:103:5)
    at async file:///D:/gooddown/backend/routes/reports.js:28:20 {
  length: 112,
  severity: 'ERROR',
  code: '42P01',
  detail: undefined,
  hint: undefined,
  position: '432',
  internalPosition: undefined,
  internalQuery: undefined,
  where: undefined,
  schema: undefined,
  table: undefined,
  column: undefined,
  dataType: undefined,
  constraint: undefined,
  file: 'parse_relation.c',
  line: '1469',
  routine: 'parserOpenTable'
}
error: relation "owner_passes" does not exist
    at D:\gooddown\backend\node_modules\pg-pool\index.js:45:11
    at process.processTicksAndRejections (node:internal/process/task_queues:103:5)
    at async file:///D:/gooddown/backend/routes/reports.js:28:20 {
  length: 112,
  severity: 'ERROR',
  code: '42P01',
  detail: undefined,
  hint: undefined,
  position: '432',
  internalPosition: undefined,
  internalQuery: undefined,
  where: undefined,
  schema: undefined,
  table: undefined,
  column: undefined,
  dataType: undefined,
  constraint: undefined,
  file: 'parse_relation.c',
  line: '1469',
  routine: 'parserOpenTable'
}
error: relation "owner_passes" does not exist
    at D:\gooddown\backend\node_modules\pg-pool\index.js:45:11
    at process.processTicksAndRejections (node:internal/process/task_queues:103:5)
    at async file:///D:/gooddown/backend/routes/reports.js:28:20 {
  length: 112,
  severity: 'ERROR',
  code: '42P01',
  detail: undefined,
  hint: undefined,
  position: '432',
  internalPosition: undefined,
  internalQuery: undefined,
  where: undefined,
  schema: undefined,
  table: undefined,
  column: undefined,
  dataType: undefined,
  constraint: undefined,
  file: 'parse_relation.c',
  line: '1469',
  routine: 'parserOpenTable'
}
error: relation "owner_passes" does not exist
    at D:\gooddown\backend\node_modules\pg-pool\index.js:45:11
    at process.processTicksAndRejections (node:internal/process/task_queues:103:5)
    at async file:///D:/gooddown/backend/routes/ledger.js:16:20 {
  length: 113,
  severity: 'ERROR',
  code: '42P01',
  detail: undefined,
  hint: undefined,
  position: '1026',
  internalPosition: undefined,
  internalQuery: undefined,
  where: undefined,
  schema: undefined,
  table: undefined,
  column: undefined,
  dataType: undefined,
  constraint: undefined,
  file: 'parse_relation.c',
  line: '1469',
  routine: 'parserOpenTable'
}
error: relation "owner_passes" does not exist
    at D:\gooddown\backend\node_modules\pg-pool\index.js:45:11
    at process.processTicksAndRejections (node:internal/process/task_queues:103:5)
    at async file:///D:/gooddown/backend/routes/ledger.js:16:20 {
  length: 113,
  severity: 'ERROR',
  code: '42P01',
  detail: undefined,
  hint: undefined,
  position: '1026',
  internalPosition: undefined,
  internalQuery: undefined,
  where: undefined,
  schema: undefined,
  table: undefined,
  column: undefined,
  dataType: undefined,
  constraint: undefined,
  file: 'parse_relation.c',
  line: '1469',
  routine: 'parserOpenTable'
}
error: relation "owner_passes" does not exist
    at D:\gooddown\backend\node_modules\pg-pool\index.js:45:11
    at process.processTicksAndRejections (node:internal/process/task_queues:103:5)
    at async file:///D:/gooddown/backend/routes/ledger.js:16:20 {
  length: 113,
  severity: 'ERROR',
  code: '42P01',
  detail: undefined,
  hint: undefined,
  position: '1026',
  internalPosition: undefined,
  internalQuery: undefined,
  where: undefined,
  schema: undefined,
  table: undefined,
  column: undefined,
  dataType: undefined,
  constraint: undefined,
  file: 'parse_relation.c',
  line: '1469',
  routine: 'parserOpenTable'
}
error: relation "owner_passes" does not exist
    at D:\gooddown\backend\node_modules\pg-pool\index.js:45:11
    at process.processTicksAndRejections (node:internal/process/task_queues:103:5)
    at async file:///D:/gooddown/backend/routes/reports.js:28:20 {
  length: 112,
  severity: 'ERROR',
  code: '42P01',
  detail: undefined,
  hint: undefined,
  position: '432',
  internalPosition: undefined,
  internalQuery: undefined,
  where: undefined,
  schema: undefined,
  table: undefined,
  column: undefined,
  dataType: undefined,
  constraint: undefined,
  file: 'parse_relation.c',
  line: '1469',
  routine: 'parserOpenTable'
}
error: relation "owner_passes" does not exist
    at D:\gooddown\backend\node_modules\pg-pool\index.js:45:11
    at process.processTicksAndRejections (node:internal/process/task_queues:103:5)
    at async file:///D:/gooddown/backend/routes/weekly-reports.js:21:22 {
  length: 112,
  severity: 'ERROR',
  code: '42P01',
  detail: undefined,
  hint: undefined,
  position: '881',
  internalPosition: undefined,
  internalQuery: undefined,
  where: undefined,
  schema: undefined,
  table: undefined,
  column: undefined,
  dataType: undefined,
  constraint: undefined,
  file: 'parse_relation.c',
  line: '1469',
  routine: 'parserOpenTable'
}
error: relation "owner_passes" does not exist
    at D:\gooddown\backend\node_modules\pg-pool\index.js:45:11
    at process.processTicksAndRejections (node:internal/process/task_queues:103:5)
    at async file:///D:/gooddown/backend/routes/reports.js:28:20 {
  length: 112,
  severity: 'ERROR',
  code: '42P01',
  detail: undefined,
  hint: undefined,
  position: '432',
  internalPosition: undefined,
  internalQuery: undefined,
  where: undefined,
  schema: undefined,
  table: undefined,
  column: undefined,
  dataType: undefined,
  constraint: undefined,
  file: 'parse_relation.c',
  line: '1469',
  routine: 'parserOpenTable'
}
error: relation "owner_passes" does not exist
    at D:\gooddown\backend\node_modules\pg-pool\index.js:45:11
    at process.processTicksAndRejections (node:internal/process/task_queues:103:5)
    at async file:///D:/gooddown/backend/routes/weekly-reports.js:21:22 {
  length: 112,
  severity: 'ERROR',
  code: '42P01',
  detail: undefined,
  hint: undefined,
  position: '881',
  internalPosition: undefined,
  internalQuery: undefined,
  where: undefined,
  schema: undefined,
  table: undefined,
  column: undefined,
  dataType: undefined,
  constraint: undefined,
  file: 'parse_relation.c',
  line: '1469',
  routine: 'parserOpenTable'
}
error: relation "owner_passes" does not exist
    at D:\gooddown\backend\node_modules\pg-pool\index.js:45:11
    at process.processTicksAndRejections (node:internal/process/task_queues:103:5)
    at async file:///D:/gooddown/backend/routes/weekly-reports.js:21:22 {
  length: 112,
  severity: 'ERROR',
  code: '42P01',
  detail: undefined,
  hint: undefined,
  position: '881',
  internalPosition: undefined,
  internalQuery: undefined,
  where: undefined,
  schema: undefined,
  table: undefined,
  column: undefined,
  dataType: undefined,
  constraint: undefined,
  file: 'parse_relation.c',
  line: '1469',
  routine: 'parserOpenTable'
}
error: relation "owner_passes" does not exist
    at D:\gooddown\backend\node_modules\pg-pool\index.js:45:11
    at process.processTicksAndRejections (node:internal/process/task_queues:103:5)
    at async file:///D:/gooddown/backend/routes/reports.js:28:20 {
  length: 112,
  severity: 'ERROR',
  code: '42P01',
  detail: undefined,
  hint: undefined,
  position: '432',
  internalPosition: undefined,
  internalQuery: undefined,
  where: undefined,
  schema: undefined,
  table: undefined,
  column: undefined,
  dataType: undefined,
  constraint: undefined,
  file: 'parse_relation.c',
  line: '1469',
  routine: 'parserOpenTable'
}
error: relation "owner_passes" does not exist
    at D:\gooddown\backend\node_modules\pg-pool\index.js:45:11
    at process.processTicksAndRejections (node:internal/process/task_queues:103:5)
    at async file:///D:/gooddown/backend/routes/weekly-reports.js:21:22 {
  length: 112,
  severity: 'ERROR',
  code: '42P01',
  detail: undefined,
  hint: undefined,
  position: '881',
  internalPosition: undefined,
  internalQuery: undefined,
  where: undefined,
  schema: undefined,
  table: undefined,
  column: undefined,
  dataType: undefined,
  constraint: undefined,
  file: 'parse_relation.c',
  line: '1469',
  routine: 'parserOpenTable'
}
error: relation "owner_passes" does not exist
    at D:\gooddown\backend\node_modules\pg-pool\index.js:45:11
    at process.processTicksAndRejections (node:internal/process/task_queues:103:5)
    at async file:///D:/gooddown/backend/routes/reports.js:28:20 {
  length: 112,
  severity: 'ERROR',
  code: '42P01',
  detail: undefined,
  hint: undefined,
  position: '432',
  internalPosition: undefined,
  internalQuery: undefined,
  where: undefined,
  schema: undefined,
  table: undefined,
  column: undefined,
  dataType: undefined,
  constraint: undefined,
  file: 'parse_relation.c',
  line: '1469',
  routine: 'parserOpenTable'
}
error: relation "owner_passes" does not exist
    at D:\gooddown\backend\node_modules\pg-pool\index.js:45:11
    at process.processTicksAndRejections (node:internal/process/task_queues:103:5)
    at async file:///D:/gooddown/backend/routes/weekly-reports.js:21:22 {
  length: 112,
  severity: 'ERROR',
  code: '42P01',
  detail: undefined,
  hint: undefined,
  position: '881',
  internalPosition: undefined,
  internalQuery: undefined,
  where: undefined,
  schema: undefined,
  table: undefined,
  column: undefined,
  dataType: undefined,
  constraint: undefined,
  file: 'parse_relation.c',
  line: '1469',
  routine: 'parserOpenTable'
}
error: relation "owner_passes" does not exist
    at D:\gooddown\backend\node_modules\pg-pool\index.js:45:11
    at process.processTicksAndRejections (node:internal/process/task_queues:103:5)
    at async file:///D:/gooddown/backend/routes/weekly-reports.js:21:22 {
  length: 112,
  severity: 'ERROR',
  code: '42P01',
  detail: undefined,
  hint: undefined,
  position: '881',
  internalPosition: undefined,
  internalQuery: undefined,
  where: undefined,
  schema: undefined,
  table: undefined,
  column: undefined,
  dataType: undefined,
  constraint: undefined,
  file: 'parse_relation.c',
  line: '1469',
  routine: 'parserOpenTable'
}
error: relation "owner_passes" does not exist
    at D:\gooddown\backend\node_modules\pg-pool\index.js:45:11
    at process.processTicksAndRejections (node:internal/process/task_queues:103:5)
    at async file:///D:/gooddown/backend/routes/reports.js:28:20 {
  length: 112,
  severity: 'ERROR',
  code: '42P01',
  detail: undefined,
  hint: undefined,
  position: '432',
  internalPosition: undefined,
  internalQuery: undefined,
  where: undefined,
  schema: undefined,
  table: undefined,
  column: undefined,
  dataType: undefined,
  constraint: undefined,
  file: 'parse_relation.c',
  line: '1469',
  routine: 'parserOpenTable'
}
error: relation "owner_passes" does not exist
    at D:\gooddown\backend\node_modules\pg-pool\index.js:45:11
    at process.processTicksAndRejections (node:internal/process/task_queues:103:5)
    at async file:///D:/gooddown/backend/routes/reports.js:28:20 {
  length: 112,
  severity: 'ERROR',
  code: '42P01',
  detail: undefined,
  hint: undefined,
  position: '432',
  internalPosition: undefined,
  internalQuery: undefined,
  where: undefined,
  schema: undefined,
  table: undefined,
  column: undefined,
  dataType: undefined,
  constraint: undefined,
  file: 'parse_relation.c',
  line: '1469',
  routine: 'parserOpenTable'
}
error: relation "owner_passes" does not exist
    at D:\gooddown\backend\node_modules\pg-pool\index.js:45:11
    at process.processTicksAndRejections (node:internal/process/task_queues:103:5)
    at async file:///D:/gooddown/backend/routes/weekly-reports.js:21:22 {
  length: 112,
  severity: 'ERROR',
  code: '42P01',
  detail: undefined,
  hint: undefined,
  position: '881',
  internalPosition: undefined,
  internalQuery: undefined,
  where: undefined,
  schema: undefined,
  table: undefined,
  column: undefined,
  dataType: undefined,
  constraint: undefined,
  file: 'parse_relation.c',
  line: '1469',
  routine: 'parserOpenTable'
}
error: duplicate key value violates unique constraint "vehicle_owners_name_key"
    at D:\gooddown\backend\node_modules\pg-pool\index.js:45:11
    at process.processTicksAndRejections (node:internal/process/task_queues:103:5)
    at async file:///D:/gooddown/backend/routes/owners.js:25:20 {
  length: 224,
  severity: 'ERROR',
  code: '23505',
  detail: 'Key (name)=(RAJESH J) already exists.',
  hint: undefined,
  position: undefined,
  internalPosition: undefined,
  internalQuery: undefined,
  where: undefined,
  schema: 'public',
  table: 'vehicle_owners',
  column: undefined,
  dataType: undefined,
  constraint: 'vehicle_owners_name_key',
  file: 'nbtinsert.c',
  line: '673',
  routine: '_bt_check_unique'
}
error: duplicate key value violates unique constraint "vehicle_owners_name_key"
    at D:\gooddown\backend\node_modules\pg-pool\index.js:45:11
    at process.processTicksAndRejections (node:internal/process/task_queues:103:5)
    at async file:///D:/gooddown/backend/routes/owners.js:25:20 {
  length: 224,
  severity: 'ERROR',
  code: '23505',
  detail: 'Key (name)=(RAJESH J) already exists.',
  hint: undefined,
  position: undefined,
  internalPosition: undefined,
  internalQuery: undefined,
  where: undefined,
  schema: 'public',
  table: 'vehicle_owners',
  column: undefined,
  dataType: undefined,
  constraint: 'vehicle_owners_name_key',
  file: 'nbtinsert.c',
  line: '673',
  routine: '_bt_check_unique'
}
error: duplicate key value violates unique constraint "vehicle_owners_name_key"
    at D:\gooddown\backend\node_modules\pg-pool\index.js:45:11
    at process.processTicksAndRejections (node:internal/process/task_queues:103:5)
    at async file:///D:/gooddown/backend/routes/owners.js:25:20 {
  length: 224,
  severity: 'ERROR',
  code: '23505',
  detail: 'Key (name)=(RAJESH J) already exists.',
  hint: undefined,
  position: undefined,
  internalPosition: undefined,
  internalQuery: undefined,
  where: undefined,
  schema: 'public',
  table: 'vehicle_owners',
  column: undefined,
  dataType: undefined,
  constraint: 'vehicle_owners_name_key',
  file: 'nbtinsert.c',
  line: '673',
  routine: '_bt_check_unique'
}
error: duplicate key value violates unique constraint "vehicle_owners_name_key"
    at D:\gooddown\backend\node_modules\pg-pool\index.js:45:11
    at process.processTicksAndRejections (node:internal/process/task_queues:103:5)
    at async file:///D:/gooddown/backend/routes/owners.js:25:20 {
  length: 224,
  severity: 'ERROR',
  code: '23505',
  detail: 'Key (name)=(RAJESH J) already exists.',
  hint: undefined,
  position: undefined,
  internalPosition: undefined,
  internalQuery: undefined,
  where: undefined,
  schema: 'public',
  table: 'vehicle_owners',
  column: undefined,
  dataType: undefined,
  constraint: 'vehicle_owners_name_key',
  file: 'nbtinsert.c',
  line: '673',
  routine: '_bt_check_unique'
}
error: duplicate key value violates unique constraint "vehicle_owners_name_key"
    at D:\gooddown\backend\node_modules\pg-pool\index.js:45:11
    at process.processTicksAndRejections (node:internal/process/task_queues:103:5)
    at async file:///D:/gooddown/backend/routes/owners.js:25:20 {
  length: 224,
  severity: 'ERROR',
  code: '23505',
  detail: 'Key (name)=(RAJESH J) already exists.',
  hint: undefined,
  position: undefined,
  internalPosition: undefined,
  internalQuery: undefined,
  where: undefined,
  schema: 'public',
  table: 'vehicle_owners',
  column: undefined,
  dataType: undefined,
  constraint: 'vehicle_owners_name_key',
  file: 'nbtinsert.c',
  line: '673',
  routine: '_bt_check_unique'
}
error: duplicate key value violates unique constraint "vehicle_owners_name_key"
    at D:\gooddown\backend\node_modules\pg-pool\index.js:45:11
    at process.processTicksAndRejections (node:internal/process/task_queues:103:5)
    at async file:///D:/gooddown/backend/routes/owners.js:25:20 {
  length: 224,
  severity: 'ERROR',
  code: '23505',
  detail: 'Key (name)=(RAJESH J) already exists.',
  hint: undefined,
  position: undefined,
  internalPosition: undefined,
  internalQuery: undefined,
  where: undefined,
  schema: 'public',
  table: 'vehicle_owners',
  column: undefined,
  dataType: undefined,
  constraint: 'vehicle_owners_name_key',
  file: 'nbtinsert.c',
  line: '673',
  routine: '_bt_check_unique'
}
error: duplicate key value violates unique constraint "vehicle_owners_name_key"
    at D:\gooddown\backend\node_modules\pg-pool\index.js:45:11
    at process.processTicksAndRejections (node:internal/process/task_queues:103:5)
    at async file:///D:/gooddown/backend/routes/owners.js:25:20 {
  length: 224,
  severity: 'ERROR',
  code: '23505',
  detail: 'Key (name)=(RAJESH J) already exists.',
  hint: undefined,
  position: undefined,
  internalPosition: undefined,
  internalQuery: undefined,
  where: undefined,
  schema: 'public',
  table: 'vehicle_owners',
  column: undefined,
  dataType: undefined,
  constraint: 'vehicle_owners_name_key',
  file: 'nbtinsert.c',
  line: '673',
  routine: '_bt_check_unique'
}
error: duplicate key value violates unique constraint "vehicle_owners_name_key"
    at D:\gooddown\backend\node_modules\pg-pool\index.js:45:11
    at process.processTicksAndRejections (node:internal/process/task_queues:103:5)
    at async file:///D:/gooddown/backend/routes/owners.js:25:20 {
  length: 224,
  severity: 'ERROR',
  code: '23505',
  detail: 'Key (name)=(RAJESH J) already exists.',
  hint: undefined,
  position: undefined,
  internalPosition: undefined,
  internalQuery: undefined,
  where: undefined,
  schema: 'public',
  table: 'vehicle_owners',
  column: undefined,
  dataType: undefined,
  constraint: 'vehicle_owners_name_key',
  file: 'nbtinsert.c',
  line: '673',
  routine: '_bt_check_unique'
}
error: relation "owner_passes" does not exist
    at D:\gooddown\backend\node_modules\pg-pool\index.js:45:11
    at process.processTicksAndRejections (node:internal/process/task_queues:103:5)
    at async file:///D:/gooddown/backend/routes/weekly-reports.js:21:22 {
  length: 112,
  severity: 'ERROR',
  code: '42P01',
  detail: undefined,
  hint: undefined,
  position: '881',
  internalPosition: undefined,
  internalQuery: undefined,
  where: undefined,
  schema: undefined,
  table: undefined,
  column: undefined,
  dataType: undefined,
  constraint: undefined,
  file: 'parse_relation.c',
  line: '1469',
  routine: 'parserOpenTable'
}
error: relation "owner_passes" does not exist
    at D:\gooddown\backend\node_modules\pg-pool\index.js:45:11
    at process.processTicksAndRejections (node:internal/process/task_queues:103:5)
    at async file:///D:/gooddown/backend/routes/reports.js:28:20 {
  length: 112,
  severity: 'ERROR',
  code: '42P01',
  detail: undefined,
  hint: undefined,
  position: '432',
  internalPosition: undefined,
  internalQuery: undefined,
  where: undefined,
  schema: undefined,
  table: undefined,
  column: undefined,
  dataType: undefined,
  constraint: undefined,
  file: 'parse_relation.c',
  line: '1469',
  routine: 'parserOpenTable'
}
error: relation "owner_passes" does not exist
    at D:\gooddown\backend\node_modules\pg-pool\index.js:45:11
    at process.processTicksAndRejections (node:internal/process/task_queues:103:5)
    at async file:///D:/gooddown/backend/routes/weekly-reports.js:21:22 {
  length: 112,
  severity: 'ERROR',
  code: '42P01',
  detail: undefined,
  hint: undefined,
  position: '881',
  internalPosition: undefined,
  internalQuery: undefined,
  where: undefined,
  schema: undefined,
  table: undefined,
  column: undefined,
  dataType: undefined,
  constraint: undefined,
  file: 'parse_relation.c',
  line: '1469',
  routine: 'parserOpenTable'
}
error: relation "owner_passes" does not exist
    at D:\gooddown\backend\node_modules\pg-pool\index.js:45:11
    at process.processTicksAndRejections (node:internal/process/task_queues:103:5)
    at async file:///D:/gooddown/backend/routes/weekly-reports.js:21:22 {
  length: 112,
  severity: 'ERROR',
  code: '42P01',
  detail: undefined,
  hint: undefined,
  position: '881',
  internalPosition: undefined,
  internalQuery: undefined,
  where: undefined,
  schema: undefined,
  table: undefined,
  column: undefined,
  dataType: undefined,
  constraint: undefined,
  file: 'parse_relation.c',
  line: '1469',
  routine: 'parserOpenTable'
}
[dotenv@17.2.3] injecting env (6) from .env -- tip: ⚙️  enable debug logging with { debug: true }
Database pool created
[dotenv@17.2.3] injecting env (0) from .env -- tip: ⚙️  load multiple .env files with { path: ['.env.local', '.env'] }
Serving static files from: D:\gooddown\backend\public
Server running on http://0.0.0.0:4000
error: relation "owner_passes" does not exist
    at D:\gooddown\backend\node_modules\pg-pool\index.js:45:11
    at process.processTicksAndRejections (node:internal/process/task_queues:103:5)
    at async file:///D:/gooddown/backend/routes/weekly-reports.js:21:22 {
  length: 112,
  severity: 'ERROR',
  code: '42P01',
  detail: undefined,
  hint: undefined,
  position: '881',
  internalPosition: undefined,
  internalQuery: undefined,
  where: undefined,
  schema: undefined,
  table: undefined,
  column: undefined,
  dataType: undefined,
  constraint: undefined,
  file: 'parse_relation.c',
  line: '1469',
  routine: 'parserOpenTable'
}
error: relation "owner_passes" does not exist
    at D:\gooddown\backend\node_modules\pg-pool\index.js:45:11
    at process.processTicksAndRejections (node:internal/process/task_queues:103:5)
    at async file:///D:/gooddown/backend/routes/reports.js:28:20 {
  length: 112,
  severity: 'ERROR',
  code: '42P01',
  detail: undefined,
  hint: undefined,
  position: '508',
  internalPosition: undefined,
  internalQuery: undefined,
  where: undefined,
  schema: undefined,
  table: undefined,
  column: undefined,
  dataType: undefined,
  constraint: undefined,
  file: 'parse_relation.c',
  line: '1469',
  routine: 'parserOpenTable'
}
error: relation "owner_passes" does not exist
    at D:\gooddown\backend\node_modules\pg-pool\index.js:45:11
    at process.processTicksAndRejections (node:internal/process/task_queues:103:5)
    at async file:///D:/gooddown/backend/routes/reports.js:28:20 {
  length: 112,
  severity: 'ERROR',
  code: '42P01',
  detail: undefined,
  hint: undefined,
  position: '508',
  internalPosition: undefined,
  internalQuery: undefined,
  where: undefined,
  schema: undefined,
  table: undefined,
  column: undefined,
  dataType: undefined,
  constraint: undefined,
  file: 'parse_relation.c',
  line: '1469',
  routine: 'parserOpenTable'
}
error: relation "owner_passes" does not exist
    at D:\gooddown\backend\node_modules\pg-pool\index.js:45:11
    at process.processTicksAndRejections (node:internal/process/task_queues:103:5)
    at async file:///D:/gooddown/backend/routes/weekly-reports.js:21:22 {
  length: 112,
  severity: 'ERROR',
  code: '42P01',
  detail: undefined,
  hint: undefined,
  position: '881',
  internalPosition: undefined,
  internalQuery: undefined,
  where: undefined,
  schema: undefined,
  table: undefined,
  column: undefined,
  dataType: undefined,
  constraint: undefined,
  file: 'parse_relation.c',
  line: '1469',
  routine: 'parserOpenTable'
}
error: relation "owner_passes" does not exist
    at D:\gooddown\backend\node_modules\pg-pool\index.js:45:11
    at process.processTicksAndRejections (node:internal/process/task_queues:103:5)
    at async file:///D:/gooddown/backend/routes/ledger.js:16:20 {
  length: 113,
  severity: 'ERROR',
  code: '42P01',
  detail: undefined,
  hint: undefined,
  position: '1026',
  internalPosition: undefined,
  internalQuery: undefined,
  where: undefined,
  schema: undefined,
  table: undefined,
  column: undefined,
  dataType: undefined,
  constraint: undefined,
  file: 'parse_relation.c',
  line: '1469',
  routine: 'parserOpenTable'
}
error: relation "owner_passes" does not exist
    at D:\gooddown\backend\node_modules\pg-pool\index.js:45:11
    at process.processTicksAndRejections (node:internal/process/task_queues:103:5)
    at async file:///D:/gooddown/backend/routes/ledger.js:16:20 {
  length: 113,
  severity: 'ERROR',
  code: '42P01',
  detail: undefined,
  hint: undefined,
  position: '1026',
  internalPosition: undefined,
  internalQuery: undefined,
  where: undefined,
  schema: undefined,
  table: undefined,
  column: undefined,
  dataType: undefined,
  constraint: undefined,
  file: 'parse_relation.c',
  line: '1469',
  routine: 'parserOpenTable'
}
error: relation "owner_passes" does not exist
    at D:\gooddown\backend\node_modules\pg-pool\index.js:45:11
    at process.processTicksAndRejections (node:internal/process/task_queues:103:5)
    at async file:///D:/gooddown/backend/routes/ledger.js:16:20 {
  length: 113,
  severity: 'ERROR',
  code: '42P01',
  detail: undefined,
  hint: undefined,
  position: '1026',
  internalPosition: undefined,
  internalQuery: undefined,
  where: undefined,
  schema: undefined,
  table: undefined,
  column: undefined,
  dataType: undefined,
  constraint: undefined,
  file: 'parse_relation.c',
  line: '1469',
  routine: 'parserOpenTable'
}
error: relation "owner_passes" does not exist
    at D:\gooddown\backend\node_modules\pg-pool\index.js:45:11
    at process.processTicksAndRejections (node:internal/process/task_queues:103:5)
    at async file:///D:/gooddown/backend/routes/reports.js:28:20 {
  length: 112,
  severity: 'ERROR',
  code: '42P01',
  detail: undefined,
  hint: undefined,
  position: '508',
  internalPosition: undefined,
  internalQuery: undefined,
  where: undefined,
  schema: undefined,
  table: undefined,
  column: undefined,
  dataType: undefined,
  constraint: undefined,
  file: 'parse_relation.c',
  line: '1469',
  routine: 'parserOpenTable'
}
error: relation "owner_passes" does not exist
    at D:\gooddown\backend\node_modules\pg-pool\index.js:45:11
    at process.processTicksAndRejections (node:internal/process/task_queues:103:5)
    at async file:///D:/gooddown/backend/routes/weekly-reports.js:21:22 {
  length: 112,
  severity: 'ERROR',
  code: '42P01',
  detail: undefined,
  hint: undefined,
  position: '881',
  internalPosition: undefined,
  internalQuery: undefined,
  where: undefined,
  schema: undefined,
  table: undefined,
  column: undefined,
  dataType: undefined,
  constraint: undefined,
  file: 'parse_relation.c',
  line: '1469',
  routine: 'parserOpenTable'
}
error: relation "owner_passes" does not exist
    at D:\gooddown\backend\node_modules\pg-pool\index.js:45:11
    at process.processTicksAndRejections (node:internal/process/task_queues:103:5)
    at async file:///D:/gooddown/backend/routes/weekly-reports.js:21:22 {
  length: 112,
  severity: 'ERROR',
  code: '42P01',
  detail: undefined,
  hint: undefined,
  position: '881',
  internalPosition: undefined,
  internalQuery: undefined,
  where: undefined,
  schema: undefined,
  table: undefined,
  column: undefined,
  dataType: undefined,
  constraint: undefined,
  file: 'parse_relation.c',
  line: '1469',
  routine: 'parserOpenTable'
}
error: relation "owner_passes" does not exist
    at D:\gooddown\backend\node_modules\pg-pool\index.js:45:11
    at process.processTicksAndRejections (node:internal/process/task_queues:103:5)
    at async file:///D:/gooddown/backend/routes/weekly-reports.js:21:22 {
  length: 112,
  severity: 'ERROR',
  code: '42P01',
  detail: undefined,
  hint: undefined,
  position: '881',
  internalPosition: undefined,
  internalQuery: undefined,
  where: undefined,
  schema: undefined,
  table: undefined,
  column: undefined,
  dataType: undefined,
  constraint: undefined,
  file: 'parse_relation.c',
  line: '1469',
  routine: 'parserOpenTable'
}
error: relation "owner_passes" does not exist
    at D:\gooddown\backend\node_modules\pg-pool\index.js:45:11
    at process.processTicksAndRejections (node:internal/process/task_queues:103:5)
    at async file:///D:/gooddown/backend/routes/ledger.js:16:20 {
  length: 113,
  severity: 'ERROR',
  code: '42P01',
  detail: undefined,
  hint: undefined,
  position: '1026',
  internalPosition: undefined,
  internalQuery: undefined,
  where: undefined,
  schema: undefined,
  table: undefined,
  column: undefined,
  dataType: undefined,
  constraint: undefined,
  file: 'parse_relation.c',
  line: '1469',
  routine: 'parserOpenTable'
}
error: relation "owner_passes" does not exist
    at D:\gooddown\backend\node_modules\pg-pool\index.js:45:11
    at process.processTicksAndRejections (node:internal/process/task_queues:103:5)
    at async file:///D:/gooddown/backend/routes/ledger.js:16:20 {
  length: 113,
  severity: 'ERROR',
  code: '42P01',
  detail: undefined,
  hint: undefined,
  position: '1026',
  internalPosition: undefined,
  internalQuery: undefined,
  where: undefined,
  schema: undefined,
  table: undefined,
  column: undefined,
  dataType: undefined,
  constraint: undefined,
  file: 'parse_relation.c',
  line: '1469',
  routine: 'parserOpenTable'
}
error: relation "owner_passes" does not exist
    at D:\gooddown\backend\node_modules\pg-pool\index.js:45:11
    at process.processTicksAndRejections (node:internal/process/task_queues:103:5)
    at async file:///D:/gooddown/backend/routes/reports.js:28:20 {
  length: 112,
  severity: 'ERROR',
  code: '42P01',
  detail: undefined,
  hint: undefined,
  position: '508',
  internalPosition: undefined,
  internalQuery: undefined,
  where: undefined,
  schema: undefined,
  table: undefined,
  column: undefined,
  dataType: undefined,
  constraint: undefined,
  file: 'parse_relation.c',
  line: '1469',
  routine: 'parserOpenTable'
}
error: relation "owner_passes" does not exist
    at D:\gooddown\backend\node_modules\pg-pool\index.js:45:11
    at process.processTicksAndRejections (node:internal/process/task_queues:103:5)
    at async file:///D:/gooddown/backend/routes/reports.js:28:20 {
  length: 112,
  severity: 'ERROR',
  code: '42P01',
  detail: undefined,
  hint: undefined,
  position: '508',
  internalPosition: undefined,
  internalQuery: undefined,
  where: undefined,
  schema: undefined,
  table: undefined,
  column: undefined,
  dataType: undefined,
  constraint: undefined,
  file: 'parse_relation.c',
  line: '1469',
  routine: 'parserOpenTable'
}
error: relation "owner_passes" does not exist
    at D:\gooddown\backend\node_modules\pg-pool\index.js:45:11
    at process.processTicksAndRejections (node:internal/process/task_queues:103:5)
    at async file:///D:/gooddown/backend/routes/weekly-reports.js:21:22 {
  length: 112,
  severity: 'ERROR',
  code: '42P01',
  detail: undefined,
  hint: undefined,
  position: '881',
  internalPosition: undefined,
  internalQuery: undefined,
  where: undefined,
  schema: undefined,
  table: undefined,
  column: undefined,
  dataType: undefined,
  constraint: undefined,
  file: 'parse_relation.c',
  line: '1469',
  routine: 'parserOpenTable'
}
error: relation "owner_passes" does not exist
    at D:\gooddown\backend\node_modules\pg-pool\index.js:45:11
    at process.processTicksAndRejections (node:internal/process/task_queues:103:5)
    at async file:///D:/gooddown/backend/routes/weekly-reports.js:21:22 {
  length: 112,
  severity: 'ERROR',
  code: '42P01',
  detail: undefined,
  hint: undefined,
  position: '881',
  internalPosition: undefined,
  internalQuery: undefined,
  where: undefined,
  schema: undefined,
  table: undefined,
  column: undefined,
  dataType: undefined,
  constraint: undefined,
  file: 'parse_relation.c',
  line: '1469',
  routine: 'parserOpenTable'
}
error: relation "owner_passes" does not exist
    at D:\gooddown\backend\node_modules\pg-pool\index.js:45:11
    at process.processTicksAndRejections (node:internal/process/task_queues:103:5)
    at async file:///D:/gooddown/backend/routes/weekly-reports.js:21:22 {
  length: 112,
  severity: 'ERROR',
  code: '42P01',
  detail: undefined,
  hint: undefined,
  position: '881',
  internalPosition: undefined,
  internalQuery: undefined,
  where: undefined,
  schema: undefined,
  table: undefined,
  column: undefined,
  dataType: undefined,
  constraint: undefined,
  file: 'parse_relation.c',
  line: '1469',
  routine: 'parserOpenTable'
}
error: relation "owner_passes" does not exist
    at D:\gooddown\backend\node_modules\pg-pool\index.js:45:11
    at process.processTicksAndRejections (node:internal/process/task_queues:103:5)
    at async file:///D:/gooddown/backend/routes/weekly-reports.js:21:22 {
  length: 112,
  severity: 'ERROR',
  code: '42P01',
  detail: undefined,
  hint: undefined,
  position: '881',
  internalPosition: undefined,
  internalQuery: undefined,
  where: undefined,
  schema: undefined,
  table: undefined,
  column: undefined,
  dataType: undefined,
  constraint: undefined,
  file: 'parse_relation.c',
  line: '1469',
  routine: 'parserOpenTable'
}
error: relation "owner_passes" does not exist
    at D:\gooddown\backend\node_modules\pg-pool\index.js:45:11
    at process.processTicksAndRejections (node:internal/process/task_queues:103:5)
    at async file:///D:/gooddown/backend/routes/reports.js:28:20 {
  length: 112,
  severity: 'ERROR',
  code: '42P01',
  detail: undefined,
  hint: undefined,
  position: '508',
  internalPosition: undefined,
  internalQuery: undefined,
  where: undefined,
  schema: undefined,
  table: undefined,
  column: undefined,
  dataType: undefined,
  constraint: undefined,
  file: 'parse_relation.c',
  line: '1469',
  routine: 'parserOpenTable'
}
error: relation "owner_passes" does not exist
    at D:\gooddown\backend\node_modules\pg-pool\index.js:45:11
    at process.processTicksAndRejections (node:internal/process/task_queues:103:5)
    at async file:///D:/gooddown/backend/routes/reports.js:28:20 {
  length: 112,
  severity: 'ERROR',
  code: '42P01',
  detail: undefined,
  hint: undefined,
  position: '508',
  internalPosition: undefined,
  internalQuery: undefined,
  where: undefined,
  schema: undefined,
  table: undefined,
  column: undefined,
  dataType: undefined,
  constraint: undefined,
  file: 'parse_relation.c',
  line: '1469',
  routine: 'parserOpenTable'
}
error: relation "owner_passes" does not exist
    at D:\gooddown\backend\node_modules\pg-pool\index.js:45:11
    at process.processTicksAndRejections (node:internal/process/task_queues:103:5)
    at async file:///D:/gooddown/backend/routes/reports.js:28:20 {
  length: 112,
  severity: 'ERROR',
  code: '42P01',
  detail: undefined,
  hint: undefined,
  position: '508',
  internalPosition: undefined,
  internalQuery: undefined,
  where: undefined,
  schema: undefined,
  table: undefined,
  column: undefined,
  dataType: undefined,
  constraint: undefined,
  file: 'parse_relation.c',
  line: '1469',
  routine: 'parserOpenTable'
}
error: relation "owner_passes" does not exist
    at D:\gooddown\backend\node_modules\pg-pool\index.js:45:11
    at process.processTicksAndRejections (node:internal/process/task_queues:103:5)
    at async file:///D:/gooddown/backend/routes/reports.js:28:20 {
  length: 112,
  severity: 'ERROR',
  code: '42P01',
  detail: undefined,
  hint: undefined,
  position: '508',
  internalPosition: undefined,
  internalQuery: undefined,
  where: undefined,
  schema: undefined,
  table: undefined,
  column: undefined,
  dataType: undefined,
  constraint: undefined,
  file: 'parse_relation.c',
  line: '1469',
  routine: 'parserOpenTable'
}
error: relation "owner_passes" does not exist
    at D:\gooddown\backend\node_modules\pg-pool\index.js:45:11
    at process.processTicksAndRejections (node:internal/process/task_queues:103:5)
    at async file:///D:/gooddown/backend/routes/reports.js:28:20 {
  length: 112,
  severity: 'ERROR',
  code: '42P01',
  detail: undefined,
  hint: undefined,
  position: '508',
  internalPosition: undefined,
  internalQuery: undefined,
  where: undefined,
  schema: undefined,
  table: undefined,
  column: undefined,
  dataType: undefined,
  constraint: undefined,
  file: 'parse_relation.c',
  line: '1469',
  routine: 'parserOpenTable'
}
error: relation "owner_passes" does not exist
    at D:\gooddown\backend\node_modules\pg-pool\index.js:45:11
    at process.processTicksAndRejections (node:internal/process/task_queues:103:5)
    at async file:///D:/gooddown/backend/routes/reports.js:28:20 {
  length: 112,
  severity: 'ERROR',
  code: '42P01',
  detail: undefined,
  hint: undefined,
  position: '508',
  internalPosition: undefined,
  internalQuery: undefined,
  where: undefined,
  schema: undefined,
  table: undefined,
  column: undefined,
  dataType: undefined,
  constraint: undefined,
  file: 'parse_relation.c',
  line: '1469',
  routine: 'parserOpenTable'
}
error: relation "owner_passes" does not exist
    at D:\gooddown\backend\node_modules\pg-pool\index.js:45:11
    at process.processTicksAndRejections (node:internal/process/task_queues:103:5)
    at async file:///D:/gooddown/backend/routes/reports.js:28:20 {
  length: 112,
  severity: 'ERROR',
  code: '42P01',
  detail: undefined,
  hint: undefined,
  position: '508',
  internalPosition: undefined,
  internalQuery: undefined,
  where: undefined,
  schema: undefined,
  table: undefined,
  column: undefined,
  dataType: undefined,
  constraint: undefined,
  file: 'parse_relation.c',
  line: '1469',
  routine: 'parserOpenTable'
}
error: relation "owner_passes" does not exist
    at D:\gooddown\backend\node_modules\pg-pool\index.js:45:11
    at process.processTicksAndRejections (node:internal/process/task_queues:103:5)
    at async file:///D:/gooddown/backend/routes/reports.js:28:20 {
  length: 112,
  severity: 'ERROR',
  code: '42P01',
  detail: undefined,
  hint: undefined,
  position: '508',
  internalPosition: undefined,
  internalQuery: undefined,
  where: undefined,
  schema: undefined,
  table: undefined,
  column: undefined,
  dataType: undefined,
  constraint: undefined,
  file: 'parse_relation.c',
  line: '1469',
  routine: 'parserOpenTable'
}
error: relation "owner_passes" does not exist
    at D:\gooddown\backend\node_modules\pg-pool\index.js:45:11
    at process.processTicksAndRejections (node:internal/process/task_queues:103:5)
    at async file:///D:/gooddown/backend/routes/reports.js:28:20 {
  length: 112,
  severity: 'ERROR',
  code: '42P01',
  detail: undefined,
  hint: undefined,
  position: '508',
  internalPosition: undefined,
  internalQuery: undefined,
  where: undefined,
  schema: undefined,
  table: undefined,
  column: undefined,
  dataType: undefined,
  constraint: undefined,
  file: 'parse_relation.c',
  line: '1469',
  routine: 'parserOpenTable'
}
error: relation "owner_passes" does not exist
    at D:\gooddown\backend\node_modules\pg-pool\index.js:45:11
    at process.processTicksAndRejections (node:internal/process/task_queues:103:5)
    at async file:///D:/gooddown/backend/routes/weekly-reports.js:21:22 {
  length: 112,
  severity: 'ERROR',
  code: '42P01',
  detail: undefined,
  hint: undefined,
  position: '881',
  internalPosition: undefined,
  internalQuery: undefined,
  where: undefined,
  schema: undefined,
  table: undefined,
  column: undefined,
  dataType: undefined,
  constraint: undefined,
  file: 'parse_relation.c',
  line: '1469',
  routine: 'parserOpenTable'
}
error: relation "owner_passes" does not exist
    at D:\gooddown\backend\node_modules\pg-pool\index.js:45:11
    at process.processTicksAndRejections (node:internal/process/task_queues:103:5)
    at async file:///D:/gooddown/backend/routes/weekly-reports.js:21:22 {
  length: 112,
  severity: 'ERROR',
  code: '42P01',
  detail: undefined,
  hint: undefined,
  position: '881',
  internalPosition: undefined,
  internalQuery: undefined,
  where: undefined,
  schema: undefined,
  table: undefined,
  column: undefined,
  dataType: undefined,
  constraint: undefined,
  file: 'parse_relation.c',
  line: '1469',
  routine: 'parserOpenTable'
}
error: relation "owner_passes" does not exist
    at D:\gooddown\backend\node_modules\pg-pool\index.js:45:11
    at process.processTicksAndRejections (node:internal/process/task_queues:103:5)
    at async file:///D:/gooddown/backend/routes/reports.js:28:20 {
  length: 112,
  severity: 'ERROR',
  code: '42P01',
  detail: undefined,
  hint: undefined,
  position: '508',
  internalPosition: undefined,
  internalQuery: undefined,
  where: undefined,
  schema: undefined,
  table: undefined,
  column: undefined,
  dataType: undefined,
  constraint: undefined,
  file: 'parse_relation.c',
  line: '1469',
  routine: 'parserOpenTable'
}
error: relation "owner_passes" does not exist
    at D:\gooddown\backend\node_modules\pg-pool\index.js:45:11
    at process.processTicksAndRejections (node:internal/process/task_queues:103:5)
    at async file:///D:/gooddown/backend/routes/reports.js:28:20 {
  length: 112,
  severity: 'ERROR',
  code: '42P01',
  detail: undefined,
  hint: undefined,
  position: '508',
  internalPosition: undefined,
  internalQuery: undefined,
  where: undefined,
  schema: undefined,
  table: undefined,
  column: undefined,
  dataType: undefined,
  constraint: undefined,
  file: 'parse_relation.c',
  line: '1469',
  routine: 'parserOpenTable'
}
error: relation "owner_passes" does not exist
    at D:\gooddown\backend\node_modules\pg-pool\index.js:45:11
    at process.processTicksAndRejections (node:internal/process/task_queues:103:5)
    at async file:///D:/gooddown/backend/routes/ledger.js:16:20 {
  length: 113,
  severity: 'ERROR',
  code: '42P01',
  detail: undefined,
  hint: undefined,
  position: '1026',
  internalPosition: undefined,
  internalQuery: undefined,
  where: undefined,
  schema: undefined,
  table: undefined,
  column: undefined,
  dataType: undefined,
  constraint: undefined,
  file: 'parse_relation.c',
  line: '1469',
  routine: 'parserOpenTable'
}
error: relation "owner_passes" does not exist
    at D:\gooddown\backend\node_modules\pg-pool\index.js:45:11
    at process.processTicksAndRejections (node:internal/process/task_queues:103:5)
    at async file:///D:/gooddown/backend/routes/weekly-reports.js:21:22 {
  length: 112,
  severity: 'ERROR',
  code: '42P01',
  detail: undefined,
  hint: undefined,
  position: '881',
  internalPosition: undefined,
  internalQuery: undefined,
  where: undefined,
  schema: undefined,
  table: undefined,
  column: undefined,
  dataType: undefined,
  constraint: undefined,
  file: 'parse_relation.c',
  line: '1469',
  routine: 'parserOpenTable'
}
error: relation "owner_passes" does not exist
    at D:\gooddown\backend\node_modules\pg-pool\index.js:45:11
    at process.processTicksAndRejections (node:internal/process/task_queues:103:5)
    at async file:///D:/gooddown/backend/routes/ledger.js:16:20 {
  length: 113,
  severity: 'ERROR',
  code: '42P01',
  detail: undefined,
  hint: undefined,
  position: '1026',
  internalPosition: undefined,
  internalQuery: undefined,
  where: undefined,
  schema: undefined,
  table: undefined,
  column: undefined,
  dataType: undefined,
  constraint: undefined,
  file: 'parse_relation.c',
  line: '1469',
  routine: 'parserOpenTable'
}
error: relation "owner_passes" does not exist
    at D:\gooddown\backend\node_modules\pg-pool\index.js:45:11
    at process.processTicksAndRejections (node:internal/process/task_queues:103:5)
    at async file:///D:/gooddown/backend/routes/ledger.js:16:20 {
  length: 113,
  severity: 'ERROR',
  code: '42P01',
  detail: undefined,
  hint: undefined,
  position: '1026',
  internalPosition: undefined,
  internalQuery: undefined,
  where: undefined,
  schema: undefined,
  table: undefined,
  column: undefined,
  dataType: undefined,
  constraint: undefined,
  file: 'parse_relation.c',
  line: '1469',
  routine: 'parserOpenTable'
}
